2025-06-07 10:54:41,779 [Worker-1: Loading available Gradle versions] INFO  o.e.b.c.i.u.g.PublishedGradleVersions - Gradle version information cache is up-to-date. Trying to read.
2025-06-07 16:37:56,290 [Worker-6: Loading available Gradle versions] INFO  o.e.b.c.i.u.g.PublishedGradleVersions - Gradle version information cache is up-to-date. Trying to read.
2025-06-08 10:35:33,586 [Worker-2: Loading available Gradle versions] INFO  o.e.b.c.i.u.g.PublishedGradleVersions - Gradle version information cache is out-of-date. Trying to update.
2025-06-09 09:49:40,036 [Worker-4: Loading available Gradle versions] INFO  o.e.b.c.i.u.g.PublishedGradleVersions - Gradle version information cache is up-to-date. Trying to read.
2025-06-09 14:48:57,017 [Worker-5: Loading available Gradle versions] INFO  o.e.b.c.i.u.g.PublishedGradleVersions - Gradle version information cache is out-of-date. Trying to update.
2025-06-10 13:01:34,832 [Worker-6: Loading available Gradle versions] INFO  o.e.b.c.i.u.g.PublishedGradleVersions - Gradle version information cache is up-to-date. Trying to read.
2025-06-11 13:27:59,274 [Worker-4: Loading available Gradle versions] INFO  o.e.b.c.i.u.g.PublishedGradleVersions - Gradle version information cache is up-to-date. Trying to read.
2025-06-13 15:37:38,253 [Worker-7: Loading available Gradle versions] INFO  o.e.b.c.i.u.g.PublishedGradleVersions - Gradle version information cache is out-of-date. Trying to update.
2025-06-29 14:39:10,058 [Worker-1: Loading available Gradle versions] INFO  o.e.b.c.i.u.g.PublishedGradleVersions - Gradle version information cache is out-of-date. Trying to update.
2025-06-29 14:44:48,643 [Worker-1: Loading available Gradle versions] INFO  o.e.b.c.i.u.g.PublishedGradleVersions - Gradle version information cache is up-to-date. Trying to read.
2025-07-03 18:23:34,814 [Worker-1: Loading available Gradle versions] INFO  o.e.b.c.i.u.g.PublishedGradleVersions - Gradle version information cache is up-to-date. Trying to read.
2025-07-03 18:56:45,075 [Worker-7: Loading available Gradle versions] INFO  o.e.b.c.i.u.g.PublishedGradleVersions - Gradle version information cache is up-to-date. Trying to read.
2025-07-13 12:18:16,992 [Worker-12: Loading available Gradle versions] INFO  o.e.b.c.i.u.g.PublishedGradleVersions - Gradle version information cache is out-of-date. Trying to update.
2025-07-14 13:35:21,786 [Worker-1: Loading available Gradle versions] INFO  o.e.b.c.i.u.g.PublishedGradleVersions - Gradle version information cache is out-of-date. Trying to update.
2025-07-15 20:15:09,494 [Worker-4: Loading available Gradle versions] INFO  o.e.b.c.i.u.g.PublishedGradleVersions - Gradle version information cache is out-of-date. Trying to update.
2025-07-23 14:57:01,833 [Worker-4: Loading available Gradle versions] INFO  o.e.b.c.i.u.g.PublishedGradleVersions - Gradle version information cache is out-of-date. Trying to update.
2025-08-14 11:12:20,228 [Worker-1: Loading available Gradle versions] INFO  o.e.b.c.i.u.g.PublishedGradleVersions - Gradle version information cache is out-of-date. Trying to update.
2025-08-15 13:21:07,575 [Worker-4: Loading available Gradle versions] INFO  o.e.b.c.i.u.g.PublishedGradleVersions - Gradle version information cache is out-of-date. Trying to update.
2025-08-16 11:27:41,437 [Worker-2: Loading available Gradle versions] INFO  o.e.b.c.i.u.g.PublishedGradleVersions - Gradle version information cache is up-to-date. Trying to read.
2025-08-16 11:31:47,071 [Worker-21: Launching mavenrun-f434106e-3d5d-4ec0-905c-948da9e36dd2] INFO  o.eclipse.m2e.core.internal.Bundles - getClasspathEntries(Bundle=org.eclipse.m2e.maven.runtime_3.9.600.20231203-1234 [638])
2025-08-16 11:31:47,079 [Worker-21: Launching mavenrun-f434106e-3d5d-4ec0-905c-948da9e36dd2] INFO  o.eclipse.m2e.core.internal.Bundles - 	Entry: C:\Users\borud\Downloads\eclipse-jee-2024-03-R-win32-x86_64\eclipse\plugins\org.eclipse.m2e.maven.runtime_3.9.600.20231203-1234
2025-08-16 11:31:47,080 [Worker-21: Launching mavenrun-f434106e-3d5d-4ec0-905c-948da9e36dd2] INFO  o.eclipse.m2e.core.internal.Bundles - 	Entry: C:\Users\borud\Downloads\eclipse-jee-2024-03-R-win32-x86_64\eclipse\plugins\org.eclipse.m2e.maven.runtime_3.9.600.20231203-1234\jars\aopalliance-1.0.jar
2025-08-16 11:31:47,081 [Worker-21: Launching mavenrun-f434106e-3d5d-4ec0-905c-948da9e36dd2] INFO  o.eclipse.m2e.core.internal.Bundles - 	Entry: C:\Users\borud\Downloads\eclipse-jee-2024-03-R-win32-x86_64\eclipse\plugins\org.eclipse.m2e.maven.runtime_3.9.600.20231203-1234\jars\guice-5.1.0.jar
2025-08-16 11:31:47,081 [Worker-21: Launching mavenrun-f434106e-3d5d-4ec0-905c-948da9e36dd2] INFO  o.eclipse.m2e.core.internal.Bundles - 	Entry: C:\Users\borud\Downloads\eclipse-jee-2024-03-R-win32-x86_64\eclipse\plugins\org.eclipse.m2e.maven.runtime_3.9.600.20231203-1234\jars\httpclient-4.5.14.jar
2025-08-16 11:31:47,081 [Worker-21: Launching mavenrun-f434106e-3d5d-4ec0-905c-948da9e36dd2] INFO  o.eclipse.m2e.core.internal.Bundles - 	Entry: C:\Users\borud\Downloads\eclipse-jee-2024-03-R-win32-x86_64\eclipse\plugins\org.eclipse.m2e.maven.runtime_3.9.600.20231203-1234\jars\httpcore-4.4.16.jar
2025-08-16 11:31:47,082 [Worker-21: Launching mavenrun-f434106e-3d5d-4ec0-905c-948da9e36dd2] INFO  o.eclipse.m2e.core.internal.Bundles - 	Entry: C:\Users\borud\Downloads\eclipse-jee-2024-03-R-win32-x86_64\eclipse\plugins\org.eclipse.m2e.maven.runtime_3.9.600.20231203-1234\jars\jansi-2.4.0.jar
2025-08-16 11:31:47,082 [Worker-21: Launching mavenrun-f434106e-3d5d-4ec0-905c-948da9e36dd2] INFO  o.eclipse.m2e.core.internal.Bundles - 	Entry: C:\Users\borud\Downloads\eclipse-jee-2024-03-R-win32-x86_64\eclipse\plugins\org.eclipse.m2e.maven.runtime_3.9.600.20231203-1234\jars\jcl-over-slf4j-1.7.36.jar
2025-08-16 11:31:47,082 [Worker-21: Launching mavenrun-f434106e-3d5d-4ec0-905c-948da9e36dd2] INFO  o.eclipse.m2e.core.internal.Bundles - 	Entry: C:\Users\borud\Downloads\eclipse-jee-2024-03-R-win32-x86_64\eclipse\plugins\org.eclipse.m2e.maven.runtime_3.9.600.20231203-1234\jars\maven-artifact-3.9.6.jar
2025-08-16 11:31:47,082 [Worker-21: Launching mavenrun-f434106e-3d5d-4ec0-905c-948da9e36dd2] INFO  o.eclipse.m2e.core.internal.Bundles - 	Entry: C:\Users\borud\Downloads\eclipse-jee-2024-03-R-win32-x86_64\eclipse\plugins\org.eclipse.m2e.maven.runtime_3.9.600.20231203-1234\jars\maven-builder-support-3.9.6.jar
2025-08-16 11:31:47,082 [Worker-21: Launching mavenrun-f434106e-3d5d-4ec0-905c-948da9e36dd2] INFO  o.eclipse.m2e.core.internal.Bundles - 	Entry: C:\Users\borud\Downloads\eclipse-jee-2024-03-R-win32-x86_64\eclipse\plugins\org.eclipse.m2e.maven.runtime_3.9.600.20231203-1234\jars\maven-compat-3.9.6.jar
2025-08-16 11:31:47,082 [Worker-21: Launching mavenrun-f434106e-3d5d-4ec0-905c-948da9e36dd2] INFO  o.eclipse.m2e.core.internal.Bundles - 	Entry: C:\Users\borud\Downloads\eclipse-jee-2024-03-R-win32-x86_64\eclipse\plugins\org.eclipse.m2e.maven.runtime_3.9.600.20231203-1234\jars\maven-core-3.9.6.jar
2025-08-16 11:31:47,082 [Worker-21: Launching mavenrun-f434106e-3d5d-4ec0-905c-948da9e36dd2] INFO  o.eclipse.m2e.core.internal.Bundles - 	Entry: C:\Users\borud\Downloads\eclipse-jee-2024-03-R-win32-x86_64\eclipse\plugins\org.eclipse.m2e.maven.runtime_3.9.600.20231203-1234\jars\maven-embedder-3.9.6.jar
2025-08-16 11:31:47,083 [Worker-21: Launching mavenrun-f434106e-3d5d-4ec0-905c-948da9e36dd2] INFO  o.eclipse.m2e.core.internal.Bundles - 	Entry: C:\Users\borud\Downloads\eclipse-jee-2024-03-R-win32-x86_64\eclipse\plugins\org.eclipse.m2e.maven.runtime_3.9.600.20231203-1234\jars\maven-model-3.9.6.jar
2025-08-16 11:31:47,083 [Worker-21: Launching mavenrun-f434106e-3d5d-4ec0-905c-948da9e36dd2] INFO  o.eclipse.m2e.core.internal.Bundles - 	Entry: C:\Users\borud\Downloads\eclipse-jee-2024-03-R-win32-x86_64\eclipse\plugins\org.eclipse.m2e.maven.runtime_3.9.600.20231203-1234\jars\maven-model-builder-3.9.6.jar
2025-08-16 11:31:47,083 [Worker-21: Launching mavenrun-f434106e-3d5d-4ec0-905c-948da9e36dd2] INFO  o.eclipse.m2e.core.internal.Bundles - 	Entry: C:\Users\borud\Downloads\eclipse-jee-2024-03-R-win32-x86_64\eclipse\plugins\org.eclipse.m2e.maven.runtime_3.9.600.20231203-1234\jars\maven-plugin-api-3.9.6.jar
2025-08-16 11:31:47,084 [Worker-21: Launching mavenrun-f434106e-3d5d-4ec0-905c-948da9e36dd2] INFO  o.eclipse.m2e.core.internal.Bundles - 	Entry: C:\Users\borud\Downloads\eclipse-jee-2024-03-R-win32-x86_64\eclipse\plugins\org.eclipse.m2e.maven.runtime_3.9.600.20231203-1234\jars\maven-repository-metadata-3.9.6.jar
2025-08-16 11:31:47,084 [Worker-21: Launching mavenrun-f434106e-3d5d-4ec0-905c-948da9e36dd2] INFO  o.eclipse.m2e.core.internal.Bundles - 	Entry: C:\Users\borud\Downloads\eclipse-jee-2024-03-R-win32-x86_64\eclipse\plugins\org.eclipse.m2e.maven.runtime_3.9.600.20231203-1234\jars\maven-resolver-api-1.9.18.jar
2025-08-16 11:31:47,084 [Worker-21: Launching mavenrun-f434106e-3d5d-4ec0-905c-948da9e36dd2] INFO  o.eclipse.m2e.core.internal.Bundles - 	Entry: C:\Users\borud\Downloads\eclipse-jee-2024-03-R-win32-x86_64\eclipse\plugins\org.eclipse.m2e.maven.runtime_3.9.600.20231203-1234\jars\maven-resolver-connector-basic-1.9.18.jar
2025-08-16 11:31:47,084 [Worker-21: Launching mavenrun-f434106e-3d5d-4ec0-905c-948da9e36dd2] INFO  o.eclipse.m2e.core.internal.Bundles - 	Entry: C:\Users\borud\Downloads\eclipse-jee-2024-03-R-win32-x86_64\eclipse\plugins\org.eclipse.m2e.maven.runtime_3.9.600.20231203-1234\jars\maven-resolver-impl-1.9.18.jar
2025-08-16 11:31:47,085 [Worker-21: Launching mavenrun-f434106e-3d5d-4ec0-905c-948da9e36dd2] INFO  o.eclipse.m2e.core.internal.Bundles - 	Entry: C:\Users\borud\Downloads\eclipse-jee-2024-03-R-win32-x86_64\eclipse\plugins\org.eclipse.m2e.maven.runtime_3.9.600.20231203-1234\jars\maven-resolver-named-locks-1.9.18.jar
2025-08-16 11:31:47,085 [Worker-21: Launching mavenrun-f434106e-3d5d-4ec0-905c-948da9e36dd2] INFO  o.eclipse.m2e.core.internal.Bundles - 	Entry: C:\Users\borud\Downloads\eclipse-jee-2024-03-R-win32-x86_64\eclipse\plugins\org.eclipse.m2e.maven.runtime_3.9.600.20231203-1234\jars\maven-resolver-provider-3.9.6.jar
2025-08-16 11:31:47,085 [Worker-21: Launching mavenrun-f434106e-3d5d-4ec0-905c-948da9e36dd2] INFO  o.eclipse.m2e.core.internal.Bundles - 	Entry: C:\Users\borud\Downloads\eclipse-jee-2024-03-R-win32-x86_64\eclipse\plugins\org.eclipse.m2e.maven.runtime_3.9.600.20231203-1234\jars\maven-resolver-spi-1.9.18.jar
2025-08-16 11:31:47,085 [Worker-21: Launching mavenrun-f434106e-3d5d-4ec0-905c-948da9e36dd2] INFO  o.eclipse.m2e.core.internal.Bundles - 	Entry: C:\Users\borud\Downloads\eclipse-jee-2024-03-R-win32-x86_64\eclipse\plugins\org.eclipse.m2e.maven.runtime_3.9.600.20231203-1234\jars\maven-resolver-transport-file-1.9.18.jar
2025-08-16 11:31:47,086 [Worker-21: Launching mavenrun-f434106e-3d5d-4ec0-905c-948da9e36dd2] INFO  o.eclipse.m2e.core.internal.Bundles - 	Entry: C:\Users\borud\Downloads\eclipse-jee-2024-03-R-win32-x86_64\eclipse\plugins\org.eclipse.m2e.maven.runtime_3.9.600.20231203-1234\jars\maven-resolver-transport-http-1.9.18.jar
2025-08-16 11:31:47,086 [Worker-21: Launching mavenrun-f434106e-3d5d-4ec0-905c-948da9e36dd2] INFO  o.eclipse.m2e.core.internal.Bundles - 	Entry: C:\Users\borud\Downloads\eclipse-jee-2024-03-R-win32-x86_64\eclipse\plugins\org.eclipse.m2e.maven.runtime_3.9.600.20231203-1234\jars\maven-resolver-transport-wagon-1.9.18.jar
2025-08-16 11:31:47,086 [Worker-21: Launching mavenrun-f434106e-3d5d-4ec0-905c-948da9e36dd2] INFO  o.eclipse.m2e.core.internal.Bundles - 	Entry: C:\Users\borud\Downloads\eclipse-jee-2024-03-R-win32-x86_64\eclipse\plugins\org.eclipse.m2e.maven.runtime_3.9.600.20231203-1234\jars\maven-resolver-util-1.9.18.jar
2025-08-16 11:31:47,087 [Worker-21: Launching mavenrun-f434106e-3d5d-4ec0-905c-948da9e36dd2] INFO  o.eclipse.m2e.core.internal.Bundles - 	Entry: C:\Users\borud\Downloads\eclipse-jee-2024-03-R-win32-x86_64\eclipse\plugins\org.eclipse.m2e.maven.runtime_3.9.600.20231203-1234\jars\maven-settings-3.9.6.jar
2025-08-16 11:31:47,087 [Worker-21: Launching mavenrun-f434106e-3d5d-4ec0-905c-948da9e36dd2] INFO  o.eclipse.m2e.core.internal.Bundles - 	Entry: C:\Users\borud\Downloads\eclipse-jee-2024-03-R-win32-x86_64\eclipse\plugins\org.eclipse.m2e.maven.runtime_3.9.600.20231203-1234\jars\maven-settings-builder-3.9.6.jar
2025-08-16 11:31:47,087 [Worker-21: Launching mavenrun-f434106e-3d5d-4ec0-905c-948da9e36dd2] INFO  o.eclipse.m2e.core.internal.Bundles - 	Entry: C:\Users\borud\Downloads\eclipse-jee-2024-03-R-win32-x86_64\eclipse\plugins\org.eclipse.m2e.maven.runtime_3.9.600.20231203-1234\jars\maven-shared-utils-3.3.4.jar
2025-08-16 11:31:47,088 [Worker-21: Launching mavenrun-f434106e-3d5d-4ec0-905c-948da9e36dd2] INFO  o.eclipse.m2e.core.internal.Bundles - 	Entry: C:\Users\borud\Downloads\eclipse-jee-2024-03-R-win32-x86_64\eclipse\plugins\org.eclipse.m2e.maven.runtime_3.9.600.20231203-1234\jars\org.eclipse.sisu.inject-0.9.0.M2.jar
2025-08-16 11:31:47,088 [Worker-21: Launching mavenrun-f434106e-3d5d-4ec0-905c-948da9e36dd2] INFO  o.eclipse.m2e.core.internal.Bundles - 	Entry: C:\Users\borud\Downloads\eclipse-jee-2024-03-R-win32-x86_64\eclipse\plugins\org.eclipse.m2e.maven.runtime_3.9.600.20231203-1234\jars\org.eclipse.sisu.plexus-0.9.0.M2.jar
2025-08-16 11:31:47,088 [Worker-21: Launching mavenrun-f434106e-3d5d-4ec0-905c-948da9e36dd2] INFO  o.eclipse.m2e.core.internal.Bundles - 	Entry: C:\Users\borud\Downloads\eclipse-jee-2024-03-R-win32-x86_64\eclipse\plugins\org.eclipse.m2e.maven.runtime_3.9.600.20231203-1234\jars\plexus-build-api-0.0.7.jar
2025-08-16 11:31:47,088 [Worker-21: Launching mavenrun-f434106e-3d5d-4ec0-905c-948da9e36dd2] INFO  o.eclipse.m2e.core.internal.Bundles - 	Entry: C:\Users\borud\Downloads\eclipse-jee-2024-03-R-win32-x86_64\eclipse\plugins\org.eclipse.m2e.maven.runtime_3.9.600.20231203-1234\jars\plexus-cipher-2.0.jar
2025-08-16 11:31:47,088 [Worker-21: Launching mavenrun-f434106e-3d5d-4ec0-905c-948da9e36dd2] INFO  o.eclipse.m2e.core.internal.Bundles - 	Entry: C:\Users\borud\Downloads\eclipse-jee-2024-03-R-win32-x86_64\eclipse\plugins\org.eclipse.m2e.maven.runtime_3.9.600.20231203-1234\jars\plexus-classworlds-2.7.0.jar
2025-08-16 11:31:47,089 [Worker-21: Launching mavenrun-f434106e-3d5d-4ec0-905c-948da9e36dd2] INFO  o.eclipse.m2e.core.internal.Bundles - 	Entry: C:\Users\borud\Downloads\eclipse-jee-2024-03-R-win32-x86_64\eclipse\plugins\org.eclipse.m2e.maven.runtime_3.9.600.20231203-1234\jars\plexus-component-annotations-2.1.0.jar
2025-08-16 11:31:47,089 [Worker-21: Launching mavenrun-f434106e-3d5d-4ec0-905c-948da9e36dd2] INFO  o.eclipse.m2e.core.internal.Bundles - 	Entry: C:\Users\borud\Downloads\eclipse-jee-2024-03-R-win32-x86_64\eclipse\plugins\org.eclipse.m2e.maven.runtime_3.9.600.20231203-1234\jars\plexus-interpolation-1.26.jar
2025-08-16 11:31:47,090 [Worker-21: Launching mavenrun-f434106e-3d5d-4ec0-905c-948da9e36dd2] INFO  o.eclipse.m2e.core.internal.Bundles - 	Entry: C:\Users\borud\Downloads\eclipse-jee-2024-03-R-win32-x86_64\eclipse\plugins\org.eclipse.m2e.maven.runtime_3.9.600.20231203-1234\jars\plexus-sec-dispatcher-2.0.jar
2025-08-16 11:31:47,090 [Worker-21: Launching mavenrun-f434106e-3d5d-4ec0-905c-948da9e36dd2] INFO  o.eclipse.m2e.core.internal.Bundles - 	Entry: C:\Users\borud\Downloads\eclipse-jee-2024-03-R-win32-x86_64\eclipse\plugins\org.eclipse.m2e.maven.runtime_3.9.600.20231203-1234\jars\plexus-utils-3.5.1.jar
2025-08-16 11:31:47,090 [Worker-21: Launching mavenrun-f434106e-3d5d-4ec0-905c-948da9e36dd2] INFO  o.eclipse.m2e.core.internal.Bundles - 	Entry: C:\Users\borud\Downloads\eclipse-jee-2024-03-R-win32-x86_64\eclipse\plugins\org.eclipse.m2e.maven.runtime_3.9.600.20231203-1234\jars\wagon-file-3.5.3.jar
2025-08-16 11:31:47,091 [Worker-21: Launching mavenrun-f434106e-3d5d-4ec0-905c-948da9e36dd2] INFO  o.eclipse.m2e.core.internal.Bundles - 	Entry: C:\Users\borud\Downloads\eclipse-jee-2024-03-R-win32-x86_64\eclipse\plugins\org.eclipse.m2e.maven.runtime_3.9.600.20231203-1234\jars\wagon-http-3.5.3.jar
2025-08-16 11:31:47,091 [Worker-21: Launching mavenrun-f434106e-3d5d-4ec0-905c-948da9e36dd2] INFO  o.eclipse.m2e.core.internal.Bundles - 	Entry: C:\Users\borud\Downloads\eclipse-jee-2024-03-R-win32-x86_64\eclipse\plugins\org.eclipse.m2e.maven.runtime_3.9.600.20231203-1234\jars\wagon-http-shared-3.5.3.jar
2025-08-16 11:31:47,091 [Worker-21: Launching mavenrun-f434106e-3d5d-4ec0-905c-948da9e36dd2] INFO  o.eclipse.m2e.core.internal.Bundles - 	Entry: C:\Users\borud\Downloads\eclipse-jee-2024-03-R-win32-x86_64\eclipse\plugins\org.eclipse.m2e.maven.runtime_3.9.600.20231203-1234\jars\wagon-provider-api-3.5.3.jar
2025-08-16 11:31:47,095 [Worker-21: Launching mavenrun-f434106e-3d5d-4ec0-905c-948da9e36dd2] INFO  o.eclipse.m2e.core.internal.Bundles - getClasspathEntries(Bundle=com.google.guava_33.0.0.jre [14])
2025-08-16 11:31:47,096 [Worker-21: Launching mavenrun-f434106e-3d5d-4ec0-905c-948da9e36dd2] INFO  o.eclipse.m2e.core.internal.Bundles - 	Entry: C:\Users\borud\Downloads\eclipse-jee-2024-03-R-win32-x86_64\eclipse\plugins\com.google.guava_33.0.0.jre.jar
2025-08-16 11:31:47,096 [Worker-21: Launching mavenrun-f434106e-3d5d-4ec0-905c-948da9e36dd2] INFO  o.eclipse.m2e.core.internal.Bundles - getClasspathEntries(Bundle=slf4j.api_2.0.12 [1001])
2025-08-16 11:31:47,097 [Worker-21: Launching mavenrun-f434106e-3d5d-4ec0-905c-948da9e36dd2] INFO  o.eclipse.m2e.core.internal.Bundles - 	Entry: C:\Users\borud\Downloads\eclipse-jee-2024-03-R-win32-x86_64\eclipse\plugins\slf4j.api_2.0.12.jar
2025-08-16 11:31:47,097 [Worker-21: Launching mavenrun-f434106e-3d5d-4ec0-905c-948da9e36dd2] INFO  o.eclipse.m2e.core.internal.Bundles - getClasspathEntries(Bundle=jakarta.inject.jakarta.inject-api_1.0.5 [32])
2025-08-16 11:31:47,098 [Worker-21: Launching mavenrun-f434106e-3d5d-4ec0-905c-948da9e36dd2] INFO  o.eclipse.m2e.core.internal.Bundles - 	Entry: C:\Users\borud\Downloads\eclipse-jee-2024-03-R-win32-x86_64\eclipse\plugins\jakarta.inject.jakarta.inject-api_1.0.5.jar
2025-08-16 11:31:47,098 [Worker-21: Launching mavenrun-f434106e-3d5d-4ec0-905c-948da9e36dd2] INFO  o.eclipse.m2e.core.internal.Bundles - getClasspathEntries(Bundle=jakarta.annotation-api_1.3.5 [27])
2025-08-16 11:31:47,099 [Worker-21: Launching mavenrun-f434106e-3d5d-4ec0-905c-948da9e36dd2] INFO  o.eclipse.m2e.core.internal.Bundles - 	Entry: C:\Users\borud\Downloads\eclipse-jee-2024-03-R-win32-x86_64\eclipse\plugins\jakarta.annotation-api_1.3.5.jar
2025-08-16 11:31:47,099 [Worker-21: Launching mavenrun-f434106e-3d5d-4ec0-905c-948da9e36dd2] INFO  o.eclipse.m2e.core.internal.Bundles - getClasspathEntries(Bundle=org.apache.commons.cli_1.6.0 [75])
2025-08-16 11:31:47,099 [Worker-21: Launching mavenrun-f434106e-3d5d-4ec0-905c-948da9e36dd2] INFO  o.eclipse.m2e.core.internal.Bundles - 	Entry: C:\Users\borud\Downloads\eclipse-jee-2024-03-R-win32-x86_64\eclipse\plugins\org.apache.commons.cli_1.6.0.jar
2025-08-16 11:31:47,099 [Worker-21: Launching mavenrun-f434106e-3d5d-4ec0-905c-948da9e36dd2] INFO  o.eclipse.m2e.core.internal.Bundles - getClasspathEntries(Bundle=org.apache.commons.commons-codec_1.16.0 [78])
2025-08-16 11:31:47,100 [Worker-21: Launching mavenrun-f434106e-3d5d-4ec0-905c-948da9e36dd2] INFO  o.eclipse.m2e.core.internal.Bundles - 	Entry: C:\Users\borud\Downloads\eclipse-jee-2024-03-R-win32-x86_64\eclipse\plugins\org.apache.commons.commons-codec_1.16.0.jar
2025-08-16 11:31:47,100 [Worker-21: Launching mavenrun-f434106e-3d5d-4ec0-905c-948da9e36dd2] INFO  o.eclipse.m2e.core.internal.Bundles - getClasspathEntries(Bundle=org.apache.commons.lang3_3.14.0 [86])
2025-08-16 11:31:47,100 [Worker-21: Launching mavenrun-f434106e-3d5d-4ec0-905c-948da9e36dd2] INFO  o.eclipse.m2e.core.internal.Bundles - 	Entry: C:\Users\borud\Downloads\eclipse-jee-2024-03-R-win32-x86_64\eclipse\plugins\org.apache.commons.lang3_3.14.0.jar
2025-08-16 11:31:47,100 [Worker-21: Launching mavenrun-f434106e-3d5d-4ec0-905c-948da9e36dd2] INFO  o.eclipse.m2e.core.internal.Bundles - getClasspathEntries(Bundle=com.google.guava.failureaccess_1.0.2 [15])
2025-08-16 11:31:47,101 [Worker-21: Launching mavenrun-f434106e-3d5d-4ec0-905c-948da9e36dd2] INFO  o.eclipse.m2e.core.internal.Bundles - 	Entry: C:\Users\borud\Downloads\eclipse-jee-2024-03-R-win32-x86_64\eclipse\plugins\com.google.guava.failureaccess_1.0.2.jar
2025-08-16 11:31:47,107 [Worker-21: Launching mavenrun-f434106e-3d5d-4ec0-905c-948da9e36dd2] INFO  o.e.m.i.launch.MavenLaunchDelegate - Run build in "C:\Users\borud\AppData\Local\Temp\m2e-archetypeGenerator735226820278305437":
2025-08-16 11:31:47,113 [Worker-21: Launching mavenrun-f434106e-3d5d-4ec0-905c-948da9e36dd2] INFO  o.e.m.i.launch.MavenLaunchDelegate -  mvn  -DarchetypeGroupId=org.apache.maven.archetypes -DarchetypeArtifactId=maven-archetype-quickstart -DarchetypeVersion=1.1 -DgroupId=LibraryManagement -DartifactId=com.demo -Dversion=0.0.1-SNAPSHOT -Dpackage=LibraryManagement.com.demo -DoutputDirectory="G:\java project task\student management systems\Student management systems" -Dstyle.color=always -U archetype:generate
2025-08-16 11:32:08,854 [Worker-22: Creating maven-archetype-quickstart] INFO  o.e.m.c.i.p.ProjectConfigurationManager - Collecting project info '/pom.xml' G:\java project task\student management systems\Student management systems\com.demo\pom.xml
2025-08-16 11:32:09,474 [Worker-22: Creating maven-archetype-quickstart] INFO  o.e.m.c.i.l.LifecycleMappingFactory - Using org.eclipse.m2e.jdt.JarLifecycleMapping lifecycle mapping for MavenProject: LibraryManagement:com.demo:0.0.1-SNAPSHOT @ G:\java project task\student management systems\Student management systems\com.demo\pom.xml.
2025-08-16 11:32:10,064 [Worker-22: Creating maven-archetype-quickstart] INFO  o.e.m.j.i.AbstractJavaProjectConfigurator - Adding source folder /com.demo/src/main/java
2025-08-16 11:32:10,066 [Worker-22: Creating maven-archetype-quickstart] INFO  o.e.m.j.i.AbstractJavaProjectConfigurator - Adding resource folder /com.demo/src/main/resources
2025-08-16 11:32:10,070 [Worker-22: Creating maven-archetype-quickstart] INFO  o.e.m.j.i.AbstractJavaProjectConfigurator - Adding source folder /com.demo/src/test/java
2025-08-16 11:32:10,072 [Worker-22: Creating maven-archetype-quickstart] INFO  o.e.m.j.i.AbstractJavaProjectConfigurator - Adding resource folder /com.demo/src/test/resources
2025-08-16 11:32:10,166 [Worker-22: Creating maven-archetype-quickstart] INFO  o.e.m.c.i.p.ProjectConfigurationManager - Imported and configured 1 project(s) in 1 sec
2025-08-16 11:32:11,170 [Worker-21: Building] INFO  o.a.m.s.f.DefaultMavenResourcesFiltering - skip non existing resourceDirectory G:\java project task\student management systems\Student management systems\com.demo\src\main\resources
2025-08-16 11:32:11,174 [Worker-21: Building] INFO  o.a.m.s.f.DefaultMavenResourcesFiltering - skip non existing resourceDirectory G:\java project task\student management systems\Student management systems\com.demo\src\test\resources
2025-08-16 11:34:14,102 [Worker-22: Launching mavenrun-559f2100-8b0c-4a3b-a33a-397cd9548b84] INFO  o.eclipse.m2e.core.internal.Bundles - getClasspathEntries(Bundle=org.eclipse.m2e.maven.runtime_3.9.600.20231203-1234 [638])
2025-08-16 11:34:14,104 [Worker-22: Launching mavenrun-559f2100-8b0c-4a3b-a33a-397cd9548b84] INFO  o.eclipse.m2e.core.internal.Bundles - 	Entry: C:\Users\borud\Downloads\eclipse-jee-2024-03-R-win32-x86_64\eclipse\plugins\org.eclipse.m2e.maven.runtime_3.9.600.20231203-1234
2025-08-16 11:34:14,106 [Worker-22: Launching mavenrun-559f2100-8b0c-4a3b-a33a-397cd9548b84] INFO  o.eclipse.m2e.core.internal.Bundles - 	Entry: C:\Users\borud\Downloads\eclipse-jee-2024-03-R-win32-x86_64\eclipse\plugins\org.eclipse.m2e.maven.runtime_3.9.600.20231203-1234\jars\aopalliance-1.0.jar
2025-08-16 11:34:14,107 [Worker-22: Launching mavenrun-559f2100-8b0c-4a3b-a33a-397cd9548b84] INFO  o.eclipse.m2e.core.internal.Bundles - 	Entry: C:\Users\borud\Downloads\eclipse-jee-2024-03-R-win32-x86_64\eclipse\plugins\org.eclipse.m2e.maven.runtime_3.9.600.20231203-1234\jars\guice-5.1.0.jar
2025-08-16 11:34:14,108 [Worker-22: Launching mavenrun-559f2100-8b0c-4a3b-a33a-397cd9548b84] INFO  o.eclipse.m2e.core.internal.Bundles - 	Entry: C:\Users\borud\Downloads\eclipse-jee-2024-03-R-win32-x86_64\eclipse\plugins\org.eclipse.m2e.maven.runtime_3.9.600.20231203-1234\jars\httpclient-4.5.14.jar
2025-08-16 11:34:14,108 [Worker-22: Launching mavenrun-559f2100-8b0c-4a3b-a33a-397cd9548b84] INFO  o.eclipse.m2e.core.internal.Bundles - 	Entry: C:\Users\borud\Downloads\eclipse-jee-2024-03-R-win32-x86_64\eclipse\plugins\org.eclipse.m2e.maven.runtime_3.9.600.20231203-1234\jars\httpcore-4.4.16.jar
2025-08-16 11:34:14,108 [Worker-22: Launching mavenrun-559f2100-8b0c-4a3b-a33a-397cd9548b84] INFO  o.eclipse.m2e.core.internal.Bundles - 	Entry: C:\Users\borud\Downloads\eclipse-jee-2024-03-R-win32-x86_64\eclipse\plugins\org.eclipse.m2e.maven.runtime_3.9.600.20231203-1234\jars\jansi-2.4.0.jar
2025-08-16 11:34:14,108 [Worker-22: Launching mavenrun-559f2100-8b0c-4a3b-a33a-397cd9548b84] INFO  o.eclipse.m2e.core.internal.Bundles - 	Entry: C:\Users\borud\Downloads\eclipse-jee-2024-03-R-win32-x86_64\eclipse\plugins\org.eclipse.m2e.maven.runtime_3.9.600.20231203-1234\jars\jcl-over-slf4j-1.7.36.jar
2025-08-16 11:34:14,108 [Worker-22: Launching mavenrun-559f2100-8b0c-4a3b-a33a-397cd9548b84] INFO  o.eclipse.m2e.core.internal.Bundles - 	Entry: C:\Users\borud\Downloads\eclipse-jee-2024-03-R-win32-x86_64\eclipse\plugins\org.eclipse.m2e.maven.runtime_3.9.600.20231203-1234\jars\maven-artifact-3.9.6.jar
2025-08-16 11:34:14,108 [Worker-22: Launching mavenrun-559f2100-8b0c-4a3b-a33a-397cd9548b84] INFO  o.eclipse.m2e.core.internal.Bundles - 	Entry: C:\Users\borud\Downloads\eclipse-jee-2024-03-R-win32-x86_64\eclipse\plugins\org.eclipse.m2e.maven.runtime_3.9.600.20231203-1234\jars\maven-builder-support-3.9.6.jar
2025-08-16 11:34:14,109 [Worker-22: Launching mavenrun-559f2100-8b0c-4a3b-a33a-397cd9548b84] INFO  o.eclipse.m2e.core.internal.Bundles - 	Entry: C:\Users\borud\Downloads\eclipse-jee-2024-03-R-win32-x86_64\eclipse\plugins\org.eclipse.m2e.maven.runtime_3.9.600.20231203-1234\jars\maven-compat-3.9.6.jar
2025-08-16 11:34:14,109 [Worker-22: Launching mavenrun-559f2100-8b0c-4a3b-a33a-397cd9548b84] INFO  o.eclipse.m2e.core.internal.Bundles - 	Entry: C:\Users\borud\Downloads\eclipse-jee-2024-03-R-win32-x86_64\eclipse\plugins\org.eclipse.m2e.maven.runtime_3.9.600.20231203-1234\jars\maven-core-3.9.6.jar
2025-08-16 11:34:14,111 [Worker-22: Launching mavenrun-559f2100-8b0c-4a3b-a33a-397cd9548b84] INFO  o.eclipse.m2e.core.internal.Bundles - 	Entry: C:\Users\borud\Downloads\eclipse-jee-2024-03-R-win32-x86_64\eclipse\plugins\org.eclipse.m2e.maven.runtime_3.9.600.20231203-1234\jars\maven-embedder-3.9.6.jar
2025-08-16 11:34:14,112 [Worker-22: Launching mavenrun-559f2100-8b0c-4a3b-a33a-397cd9548b84] INFO  o.eclipse.m2e.core.internal.Bundles - 	Entry: C:\Users\borud\Downloads\eclipse-jee-2024-03-R-win32-x86_64\eclipse\plugins\org.eclipse.m2e.maven.runtime_3.9.600.20231203-1234\jars\maven-model-3.9.6.jar
2025-08-16 11:34:14,112 [Worker-22: Launching mavenrun-559f2100-8b0c-4a3b-a33a-397cd9548b84] INFO  o.eclipse.m2e.core.internal.Bundles - 	Entry: C:\Users\borud\Downloads\eclipse-jee-2024-03-R-win32-x86_64\eclipse\plugins\org.eclipse.m2e.maven.runtime_3.9.600.20231203-1234\jars\maven-model-builder-3.9.6.jar
2025-08-16 11:34:14,112 [Worker-22: Launching mavenrun-559f2100-8b0c-4a3b-a33a-397cd9548b84] INFO  o.eclipse.m2e.core.internal.Bundles - 	Entry: C:\Users\borud\Downloads\eclipse-jee-2024-03-R-win32-x86_64\eclipse\plugins\org.eclipse.m2e.maven.runtime_3.9.600.20231203-1234\jars\maven-plugin-api-3.9.6.jar
2025-08-16 11:34:14,113 [Worker-22: Launching mavenrun-559f2100-8b0c-4a3b-a33a-397cd9548b84] INFO  o.eclipse.m2e.core.internal.Bundles - 	Entry: C:\Users\borud\Downloads\eclipse-jee-2024-03-R-win32-x86_64\eclipse\plugins\org.eclipse.m2e.maven.runtime_3.9.600.20231203-1234\jars\maven-repository-metadata-3.9.6.jar
2025-08-16 11:34:14,113 [Worker-22: Launching mavenrun-559f2100-8b0c-4a3b-a33a-397cd9548b84] INFO  o.eclipse.m2e.core.internal.Bundles - 	Entry: C:\Users\borud\Downloads\eclipse-jee-2024-03-R-win32-x86_64\eclipse\plugins\org.eclipse.m2e.maven.runtime_3.9.600.20231203-1234\jars\maven-resolver-api-1.9.18.jar
2025-08-16 11:34:14,114 [Worker-22: Launching mavenrun-559f2100-8b0c-4a3b-a33a-397cd9548b84] INFO  o.eclipse.m2e.core.internal.Bundles - 	Entry: C:\Users\borud\Downloads\eclipse-jee-2024-03-R-win32-x86_64\eclipse\plugins\org.eclipse.m2e.maven.runtime_3.9.600.20231203-1234\jars\maven-resolver-connector-basic-1.9.18.jar
2025-08-16 11:34:14,114 [Worker-22: Launching mavenrun-559f2100-8b0c-4a3b-a33a-397cd9548b84] INFO  o.eclipse.m2e.core.internal.Bundles - 	Entry: C:\Users\borud\Downloads\eclipse-jee-2024-03-R-win32-x86_64\eclipse\plugins\org.eclipse.m2e.maven.runtime_3.9.600.20231203-1234\jars\maven-resolver-impl-1.9.18.jar
2025-08-16 11:34:14,115 [Worker-22: Launching mavenrun-559f2100-8b0c-4a3b-a33a-397cd9548b84] INFO  o.eclipse.m2e.core.internal.Bundles - 	Entry: C:\Users\borud\Downloads\eclipse-jee-2024-03-R-win32-x86_64\eclipse\plugins\org.eclipse.m2e.maven.runtime_3.9.600.20231203-1234\jars\maven-resolver-named-locks-1.9.18.jar
2025-08-16 11:34:14,116 [Worker-22: Launching mavenrun-559f2100-8b0c-4a3b-a33a-397cd9548b84] INFO  o.eclipse.m2e.core.internal.Bundles - 	Entry: C:\Users\borud\Downloads\eclipse-jee-2024-03-R-win32-x86_64\eclipse\plugins\org.eclipse.m2e.maven.runtime_3.9.600.20231203-1234\jars\maven-resolver-provider-3.9.6.jar
2025-08-16 11:34:14,116 [Worker-22: Launching mavenrun-559f2100-8b0c-4a3b-a33a-397cd9548b84] INFO  o.eclipse.m2e.core.internal.Bundles - 	Entry: C:\Users\borud\Downloads\eclipse-jee-2024-03-R-win32-x86_64\eclipse\plugins\org.eclipse.m2e.maven.runtime_3.9.600.20231203-1234\jars\maven-resolver-spi-1.9.18.jar
2025-08-16 11:34:14,116 [Worker-22: Launching mavenrun-559f2100-8b0c-4a3b-a33a-397cd9548b84] INFO  o.eclipse.m2e.core.internal.Bundles - 	Entry: C:\Users\borud\Downloads\eclipse-jee-2024-03-R-win32-x86_64\eclipse\plugins\org.eclipse.m2e.maven.runtime_3.9.600.20231203-1234\jars\maven-resolver-transport-file-1.9.18.jar
2025-08-16 11:34:14,116 [Worker-22: Launching mavenrun-559f2100-8b0c-4a3b-a33a-397cd9548b84] INFO  o.eclipse.m2e.core.internal.Bundles - 	Entry: C:\Users\borud\Downloads\eclipse-jee-2024-03-R-win32-x86_64\eclipse\plugins\org.eclipse.m2e.maven.runtime_3.9.600.20231203-1234\jars\maven-resolver-transport-http-1.9.18.jar
2025-08-16 11:34:14,117 [Worker-22: Launching mavenrun-559f2100-8b0c-4a3b-a33a-397cd9548b84] INFO  o.eclipse.m2e.core.internal.Bundles - 	Entry: C:\Users\borud\Downloads\eclipse-jee-2024-03-R-win32-x86_64\eclipse\plugins\org.eclipse.m2e.maven.runtime_3.9.600.20231203-1234\jars\maven-resolver-transport-wagon-1.9.18.jar
2025-08-16 11:34:14,117 [Worker-22: Launching mavenrun-559f2100-8b0c-4a3b-a33a-397cd9548b84] INFO  o.eclipse.m2e.core.internal.Bundles - 	Entry: C:\Users\borud\Downloads\eclipse-jee-2024-03-R-win32-x86_64\eclipse\plugins\org.eclipse.m2e.maven.runtime_3.9.600.20231203-1234\jars\maven-resolver-util-1.9.18.jar
2025-08-16 11:34:14,118 [Worker-22: Launching mavenrun-559f2100-8b0c-4a3b-a33a-397cd9548b84] INFO  o.eclipse.m2e.core.internal.Bundles - 	Entry: C:\Users\borud\Downloads\eclipse-jee-2024-03-R-win32-x86_64\eclipse\plugins\org.eclipse.m2e.maven.runtime_3.9.600.20231203-1234\jars\maven-settings-3.9.6.jar
2025-08-16 11:34:14,118 [Worker-22: Launching mavenrun-559f2100-8b0c-4a3b-a33a-397cd9548b84] INFO  o.eclipse.m2e.core.internal.Bundles - 	Entry: C:\Users\borud\Downloads\eclipse-jee-2024-03-R-win32-x86_64\eclipse\plugins\org.eclipse.m2e.maven.runtime_3.9.600.20231203-1234\jars\maven-settings-builder-3.9.6.jar
2025-08-16 11:34:14,118 [Worker-22: Launching mavenrun-559f2100-8b0c-4a3b-a33a-397cd9548b84] INFO  o.eclipse.m2e.core.internal.Bundles - 	Entry: C:\Users\borud\Downloads\eclipse-jee-2024-03-R-win32-x86_64\eclipse\plugins\org.eclipse.m2e.maven.runtime_3.9.600.20231203-1234\jars\maven-shared-utils-3.3.4.jar
2025-08-16 11:34:14,118 [Worker-22: Launching mavenrun-559f2100-8b0c-4a3b-a33a-397cd9548b84] INFO  o.eclipse.m2e.core.internal.Bundles - 	Entry: C:\Users\borud\Downloads\eclipse-jee-2024-03-R-win32-x86_64\eclipse\plugins\org.eclipse.m2e.maven.runtime_3.9.600.20231203-1234\jars\org.eclipse.sisu.inject-0.9.0.M2.jar
2025-08-16 11:34:14,119 [Worker-22: Launching mavenrun-559f2100-8b0c-4a3b-a33a-397cd9548b84] INFO  o.eclipse.m2e.core.internal.Bundles - 	Entry: C:\Users\borud\Downloads\eclipse-jee-2024-03-R-win32-x86_64\eclipse\plugins\org.eclipse.m2e.maven.runtime_3.9.600.20231203-1234\jars\org.eclipse.sisu.plexus-0.9.0.M2.jar
2025-08-16 11:34:14,119 [Worker-22: Launching mavenrun-559f2100-8b0c-4a3b-a33a-397cd9548b84] INFO  o.eclipse.m2e.core.internal.Bundles - 	Entry: C:\Users\borud\Downloads\eclipse-jee-2024-03-R-win32-x86_64\eclipse\plugins\org.eclipse.m2e.maven.runtime_3.9.600.20231203-1234\jars\plexus-build-api-0.0.7.jar
2025-08-16 11:34:14,119 [Worker-22: Launching mavenrun-559f2100-8b0c-4a3b-a33a-397cd9548b84] INFO  o.eclipse.m2e.core.internal.Bundles - 	Entry: C:\Users\borud\Downloads\eclipse-jee-2024-03-R-win32-x86_64\eclipse\plugins\org.eclipse.m2e.maven.runtime_3.9.600.20231203-1234\jars\plexus-cipher-2.0.jar
2025-08-16 11:34:14,120 [Worker-22: Launching mavenrun-559f2100-8b0c-4a3b-a33a-397cd9548b84] INFO  o.eclipse.m2e.core.internal.Bundles - 	Entry: C:\Users\borud\Downloads\eclipse-jee-2024-03-R-win32-x86_64\eclipse\plugins\org.eclipse.m2e.maven.runtime_3.9.600.20231203-1234\jars\plexus-classworlds-2.7.0.jar
2025-08-16 11:34:14,120 [Worker-22: Launching mavenrun-559f2100-8b0c-4a3b-a33a-397cd9548b84] INFO  o.eclipse.m2e.core.internal.Bundles - 	Entry: C:\Users\borud\Downloads\eclipse-jee-2024-03-R-win32-x86_64\eclipse\plugins\org.eclipse.m2e.maven.runtime_3.9.600.20231203-1234\jars\plexus-component-annotations-2.1.0.jar
2025-08-16 11:34:14,120 [Worker-22: Launching mavenrun-559f2100-8b0c-4a3b-a33a-397cd9548b84] INFO  o.eclipse.m2e.core.internal.Bundles - 	Entry: C:\Users\borud\Downloads\eclipse-jee-2024-03-R-win32-x86_64\eclipse\plugins\org.eclipse.m2e.maven.runtime_3.9.600.20231203-1234\jars\plexus-interpolation-1.26.jar
2025-08-16 11:34:14,120 [Worker-22: Launching mavenrun-559f2100-8b0c-4a3b-a33a-397cd9548b84] INFO  o.eclipse.m2e.core.internal.Bundles - 	Entry: C:\Users\borud\Downloads\eclipse-jee-2024-03-R-win32-x86_64\eclipse\plugins\org.eclipse.m2e.maven.runtime_3.9.600.20231203-1234\jars\plexus-sec-dispatcher-2.0.jar
2025-08-16 11:34:14,121 [Worker-22: Launching mavenrun-559f2100-8b0c-4a3b-a33a-397cd9548b84] INFO  o.eclipse.m2e.core.internal.Bundles - 	Entry: C:\Users\borud\Downloads\eclipse-jee-2024-03-R-win32-x86_64\eclipse\plugins\org.eclipse.m2e.maven.runtime_3.9.600.20231203-1234\jars\plexus-utils-3.5.1.jar
2025-08-16 11:34:14,122 [Worker-22: Launching mavenrun-559f2100-8b0c-4a3b-a33a-397cd9548b84] INFO  o.eclipse.m2e.core.internal.Bundles - 	Entry: C:\Users\borud\Downloads\eclipse-jee-2024-03-R-win32-x86_64\eclipse\plugins\org.eclipse.m2e.maven.runtime_3.9.600.20231203-1234\jars\wagon-file-3.5.3.jar
2025-08-16 11:34:14,124 [Worker-22: Launching mavenrun-559f2100-8b0c-4a3b-a33a-397cd9548b84] INFO  o.eclipse.m2e.core.internal.Bundles - 	Entry: C:\Users\borud\Downloads\eclipse-jee-2024-03-R-win32-x86_64\eclipse\plugins\org.eclipse.m2e.maven.runtime_3.9.600.20231203-1234\jars\wagon-http-3.5.3.jar
2025-08-16 11:34:14,124 [Worker-22: Launching mavenrun-559f2100-8b0c-4a3b-a33a-397cd9548b84] INFO  o.eclipse.m2e.core.internal.Bundles - 	Entry: C:\Users\borud\Downloads\eclipse-jee-2024-03-R-win32-x86_64\eclipse\plugins\org.eclipse.m2e.maven.runtime_3.9.600.20231203-1234\jars\wagon-http-shared-3.5.3.jar
2025-08-16 11:34:14,125 [Worker-22: Launching mavenrun-559f2100-8b0c-4a3b-a33a-397cd9548b84] INFO  o.eclipse.m2e.core.internal.Bundles - 	Entry: C:\Users\borud\Downloads\eclipse-jee-2024-03-R-win32-x86_64\eclipse\plugins\org.eclipse.m2e.maven.runtime_3.9.600.20231203-1234\jars\wagon-provider-api-3.5.3.jar
2025-08-16 11:34:14,125 [Worker-22: Launching mavenrun-559f2100-8b0c-4a3b-a33a-397cd9548b84] INFO  o.eclipse.m2e.core.internal.Bundles - getClasspathEntries(Bundle=com.google.guava_33.0.0.jre [14])
2025-08-16 11:34:14,126 [Worker-22: Launching mavenrun-559f2100-8b0c-4a3b-a33a-397cd9548b84] INFO  o.eclipse.m2e.core.internal.Bundles - 	Entry: C:\Users\borud\Downloads\eclipse-jee-2024-03-R-win32-x86_64\eclipse\plugins\com.google.guava_33.0.0.jre.jar
2025-08-16 11:34:14,126 [Worker-22: Launching mavenrun-559f2100-8b0c-4a3b-a33a-397cd9548b84] INFO  o.eclipse.m2e.core.internal.Bundles - getClasspathEntries(Bundle=slf4j.api_2.0.12 [1001])
2025-08-16 11:34:14,127 [Worker-22: Launching mavenrun-559f2100-8b0c-4a3b-a33a-397cd9548b84] INFO  o.eclipse.m2e.core.internal.Bundles - 	Entry: C:\Users\borud\Downloads\eclipse-jee-2024-03-R-win32-x86_64\eclipse\plugins\slf4j.api_2.0.12.jar
2025-08-16 11:34:14,127 [Worker-22: Launching mavenrun-559f2100-8b0c-4a3b-a33a-397cd9548b84] INFO  o.eclipse.m2e.core.internal.Bundles - getClasspathEntries(Bundle=jakarta.inject.jakarta.inject-api_1.0.5 [32])
2025-08-16 11:34:14,128 [Worker-22: Launching mavenrun-559f2100-8b0c-4a3b-a33a-397cd9548b84] INFO  o.eclipse.m2e.core.internal.Bundles - 	Entry: C:\Users\borud\Downloads\eclipse-jee-2024-03-R-win32-x86_64\eclipse\plugins\jakarta.inject.jakarta.inject-api_1.0.5.jar
2025-08-16 11:34:14,128 [Worker-22: Launching mavenrun-559f2100-8b0c-4a3b-a33a-397cd9548b84] INFO  o.eclipse.m2e.core.internal.Bundles - getClasspathEntries(Bundle=jakarta.annotation-api_1.3.5 [27])
2025-08-16 11:34:14,130 [Worker-22: Launching mavenrun-559f2100-8b0c-4a3b-a33a-397cd9548b84] INFO  o.eclipse.m2e.core.internal.Bundles - 	Entry: C:\Users\borud\Downloads\eclipse-jee-2024-03-R-win32-x86_64\eclipse\plugins\jakarta.annotation-api_1.3.5.jar
2025-08-16 11:34:14,130 [Worker-22: Launching mavenrun-559f2100-8b0c-4a3b-a33a-397cd9548b84] INFO  o.eclipse.m2e.core.internal.Bundles - getClasspathEntries(Bundle=org.apache.commons.cli_1.6.0 [75])
2025-08-16 11:34:14,132 [Worker-22: Launching mavenrun-559f2100-8b0c-4a3b-a33a-397cd9548b84] INFO  o.eclipse.m2e.core.internal.Bundles - 	Entry: C:\Users\borud\Downloads\eclipse-jee-2024-03-R-win32-x86_64\eclipse\plugins\org.apache.commons.cli_1.6.0.jar
2025-08-16 11:34:14,132 [Worker-22: Launching mavenrun-559f2100-8b0c-4a3b-a33a-397cd9548b84] INFO  o.eclipse.m2e.core.internal.Bundles - getClasspathEntries(Bundle=org.apache.commons.commons-codec_1.16.0 [78])
2025-08-16 11:34:14,133 [Worker-22: Launching mavenrun-559f2100-8b0c-4a3b-a33a-397cd9548b84] INFO  o.eclipse.m2e.core.internal.Bundles - 	Entry: C:\Users\borud\Downloads\eclipse-jee-2024-03-R-win32-x86_64\eclipse\plugins\org.apache.commons.commons-codec_1.16.0.jar
2025-08-16 11:34:14,133 [Worker-22: Launching mavenrun-559f2100-8b0c-4a3b-a33a-397cd9548b84] INFO  o.eclipse.m2e.core.internal.Bundles - getClasspathEntries(Bundle=org.apache.commons.lang3_3.14.0 [86])
2025-08-16 11:34:14,133 [Worker-22: Launching mavenrun-559f2100-8b0c-4a3b-a33a-397cd9548b84] INFO  o.eclipse.m2e.core.internal.Bundles - 	Entry: C:\Users\borud\Downloads\eclipse-jee-2024-03-R-win32-x86_64\eclipse\plugins\org.apache.commons.lang3_3.14.0.jar
2025-08-16 11:34:14,133 [Worker-22: Launching mavenrun-559f2100-8b0c-4a3b-a33a-397cd9548b84] INFO  o.eclipse.m2e.core.internal.Bundles - getClasspathEntries(Bundle=com.google.guava.failureaccess_1.0.2 [15])
2025-08-16 11:34:14,134 [Worker-22: Launching mavenrun-559f2100-8b0c-4a3b-a33a-397cd9548b84] INFO  o.eclipse.m2e.core.internal.Bundles - 	Entry: C:\Users\borud\Downloads\eclipse-jee-2024-03-R-win32-x86_64\eclipse\plugins\com.google.guava.failureaccess_1.0.2.jar
2025-08-16 11:34:14,137 [Worker-22: Launching mavenrun-559f2100-8b0c-4a3b-a33a-397cd9548b84] INFO  o.e.m.i.launch.MavenLaunchDelegate - Run build in "C:\Users\borud\AppData\Local\Temp\m2e-archetypeGenerator5823057081193334853":
2025-08-16 11:34:14,139 [Worker-22: Launching mavenrun-559f2100-8b0c-4a3b-a33a-397cd9548b84] INFO  o.e.m.i.launch.MavenLaunchDelegate -  mvn  -DarchetypeGroupId=org.apache.maven.archetypes -DarchetypeArtifactId=maven-archetype-quickstart -DarchetypeVersion=1.1 -DgroupId=com.demo -DartifactId=LibraryManagement -Dversion=0.0.1-SNAPSHOT -Dpackage=com.demo.LibraryManagement -DoutputDirectory="G:\java project task\student management systems" -Dstyle.color=always -U archetype:generate
2025-08-16 11:34:26,245 [Worker-23: Creating maven-archetype-quickstart] INFO  o.e.m.c.i.p.ProjectConfigurationManager - Collecting project info '/pom.xml' G:\java project task\student management systems\LibraryManagement\pom.xml
2025-08-16 11:34:26,475 [Worker-23: Creating maven-archetype-quickstart] INFO  o.e.m.c.i.l.LifecycleMappingFactory - Using org.eclipse.m2e.jdt.JarLifecycleMapping lifecycle mapping for MavenProject: com.demo:LibraryManagement:0.0.1-SNAPSHOT @ G:\java project task\student management systems\LibraryManagement\pom.xml.
2025-08-16 11:34:26,816 [Worker-23: Creating maven-archetype-quickstart] INFO  o.e.m.j.i.AbstractJavaProjectConfigurator - Adding source folder /LibraryManagement/src/main/java
2025-08-16 11:34:26,816 [Worker-23: Creating maven-archetype-quickstart] INFO  o.e.m.j.i.AbstractJavaProjectConfigurator - Adding resource folder /LibraryManagement/src/main/resources
2025-08-16 11:34:26,819 [Worker-23: Creating maven-archetype-quickstart] INFO  o.e.m.j.i.AbstractJavaProjectConfigurator - Adding source folder /LibraryManagement/src/test/java
2025-08-16 11:34:26,820 [Worker-23: Creating maven-archetype-quickstart] INFO  o.e.m.j.i.AbstractJavaProjectConfigurator - Adding resource folder /LibraryManagement/src/test/resources
2025-08-16 11:34:26,864 [Worker-23: Creating maven-archetype-quickstart] INFO  o.e.m.c.i.p.ProjectConfigurationManager - Imported and configured 1 project(s) in 0 sec
2025-08-16 11:34:27,162 [Worker-1: Building] INFO  o.a.m.s.f.DefaultMavenResourcesFiltering - skip non existing resourceDirectory G:\java project task\student management systems\LibraryManagement\src\main\resources
2025-08-16 11:34:27,165 [Worker-1: Building] INFO  o.a.m.s.f.DefaultMavenResourcesFiltering - skip non existing resourceDirectory G:\java project task\student management systems\LibraryManagement\src\test\resources
2025-08-16 11:36:09,147 [Worker-22: Launching mavenrun-aac3a80a-4c32-40ca-82e5-4c816548fb98] INFO  o.eclipse.m2e.core.internal.Bundles - getClasspathEntries(Bundle=org.eclipse.m2e.maven.runtime_3.9.600.20231203-1234 [638])
2025-08-16 11:36:09,148 [Worker-22: Launching mavenrun-aac3a80a-4c32-40ca-82e5-4c816548fb98] INFO  o.eclipse.m2e.core.internal.Bundles - 	Entry: C:\Users\borud\Downloads\eclipse-jee-2024-03-R-win32-x86_64\eclipse\plugins\org.eclipse.m2e.maven.runtime_3.9.600.20231203-1234
2025-08-16 11:36:09,149 [Worker-22: Launching mavenrun-aac3a80a-4c32-40ca-82e5-4c816548fb98] INFO  o.eclipse.m2e.core.internal.Bundles - 	Entry: C:\Users\borud\Downloads\eclipse-jee-2024-03-R-win32-x86_64\eclipse\plugins\org.eclipse.m2e.maven.runtime_3.9.600.20231203-1234\jars\aopalliance-1.0.jar
2025-08-16 11:36:09,149 [Worker-22: Launching mavenrun-aac3a80a-4c32-40ca-82e5-4c816548fb98] INFO  o.eclipse.m2e.core.internal.Bundles - 	Entry: C:\Users\borud\Downloads\eclipse-jee-2024-03-R-win32-x86_64\eclipse\plugins\org.eclipse.m2e.maven.runtime_3.9.600.20231203-1234\jars\guice-5.1.0.jar
2025-08-16 11:36:09,149 [Worker-22: Launching mavenrun-aac3a80a-4c32-40ca-82e5-4c816548fb98] INFO  o.eclipse.m2e.core.internal.Bundles - 	Entry: C:\Users\borud\Downloads\eclipse-jee-2024-03-R-win32-x86_64\eclipse\plugins\org.eclipse.m2e.maven.runtime_3.9.600.20231203-1234\jars\httpclient-4.5.14.jar
2025-08-16 11:36:09,149 [Worker-22: Launching mavenrun-aac3a80a-4c32-40ca-82e5-4c816548fb98] INFO  o.eclipse.m2e.core.internal.Bundles - 	Entry: C:\Users\borud\Downloads\eclipse-jee-2024-03-R-win32-x86_64\eclipse\plugins\org.eclipse.m2e.maven.runtime_3.9.600.20231203-1234\jars\httpcore-4.4.16.jar
2025-08-16 11:36:09,149 [Worker-22: Launching mavenrun-aac3a80a-4c32-40ca-82e5-4c816548fb98] INFO  o.eclipse.m2e.core.internal.Bundles - 	Entry: C:\Users\borud\Downloads\eclipse-jee-2024-03-R-win32-x86_64\eclipse\plugins\org.eclipse.m2e.maven.runtime_3.9.600.20231203-1234\jars\jansi-2.4.0.jar
2025-08-16 11:36:09,149 [Worker-22: Launching mavenrun-aac3a80a-4c32-40ca-82e5-4c816548fb98] INFO  o.eclipse.m2e.core.internal.Bundles - 	Entry: C:\Users\borud\Downloads\eclipse-jee-2024-03-R-win32-x86_64\eclipse\plugins\org.eclipse.m2e.maven.runtime_3.9.600.20231203-1234\jars\jcl-over-slf4j-1.7.36.jar
2025-08-16 11:36:09,150 [Worker-22: Launching mavenrun-aac3a80a-4c32-40ca-82e5-4c816548fb98] INFO  o.eclipse.m2e.core.internal.Bundles - 	Entry: C:\Users\borud\Downloads\eclipse-jee-2024-03-R-win32-x86_64\eclipse\plugins\org.eclipse.m2e.maven.runtime_3.9.600.20231203-1234\jars\maven-artifact-3.9.6.jar
2025-08-16 11:36:09,150 [Worker-22: Launching mavenrun-aac3a80a-4c32-40ca-82e5-4c816548fb98] INFO  o.eclipse.m2e.core.internal.Bundles - 	Entry: C:\Users\borud\Downloads\eclipse-jee-2024-03-R-win32-x86_64\eclipse\plugins\org.eclipse.m2e.maven.runtime_3.9.600.20231203-1234\jars\maven-builder-support-3.9.6.jar
2025-08-16 11:36:09,150 [Worker-22: Launching mavenrun-aac3a80a-4c32-40ca-82e5-4c816548fb98] INFO  o.eclipse.m2e.core.internal.Bundles - 	Entry: C:\Users\borud\Downloads\eclipse-jee-2024-03-R-win32-x86_64\eclipse\plugins\org.eclipse.m2e.maven.runtime_3.9.600.20231203-1234\jars\maven-compat-3.9.6.jar
2025-08-16 11:36:09,150 [Worker-22: Launching mavenrun-aac3a80a-4c32-40ca-82e5-4c816548fb98] INFO  o.eclipse.m2e.core.internal.Bundles - 	Entry: C:\Users\borud\Downloads\eclipse-jee-2024-03-R-win32-x86_64\eclipse\plugins\org.eclipse.m2e.maven.runtime_3.9.600.20231203-1234\jars\maven-core-3.9.6.jar
2025-08-16 11:36:09,150 [Worker-22: Launching mavenrun-aac3a80a-4c32-40ca-82e5-4c816548fb98] INFO  o.eclipse.m2e.core.internal.Bundles - 	Entry: C:\Users\borud\Downloads\eclipse-jee-2024-03-R-win32-x86_64\eclipse\plugins\org.eclipse.m2e.maven.runtime_3.9.600.20231203-1234\jars\maven-embedder-3.9.6.jar
2025-08-16 11:36:09,150 [Worker-22: Launching mavenrun-aac3a80a-4c32-40ca-82e5-4c816548fb98] INFO  o.eclipse.m2e.core.internal.Bundles - 	Entry: C:\Users\borud\Downloads\eclipse-jee-2024-03-R-win32-x86_64\eclipse\plugins\org.eclipse.m2e.maven.runtime_3.9.600.20231203-1234\jars\maven-model-3.9.6.jar
2025-08-16 11:36:09,151 [Worker-22: Launching mavenrun-aac3a80a-4c32-40ca-82e5-4c816548fb98] INFO  o.eclipse.m2e.core.internal.Bundles - 	Entry: C:\Users\borud\Downloads\eclipse-jee-2024-03-R-win32-x86_64\eclipse\plugins\org.eclipse.m2e.maven.runtime_3.9.600.20231203-1234\jars\maven-model-builder-3.9.6.jar
2025-08-16 11:36:09,151 [Worker-22: Launching mavenrun-aac3a80a-4c32-40ca-82e5-4c816548fb98] INFO  o.eclipse.m2e.core.internal.Bundles - 	Entry: C:\Users\borud\Downloads\eclipse-jee-2024-03-R-win32-x86_64\eclipse\plugins\org.eclipse.m2e.maven.runtime_3.9.600.20231203-1234\jars\maven-plugin-api-3.9.6.jar
2025-08-16 11:36:09,151 [Worker-22: Launching mavenrun-aac3a80a-4c32-40ca-82e5-4c816548fb98] INFO  o.eclipse.m2e.core.internal.Bundles - 	Entry: C:\Users\borud\Downloads\eclipse-jee-2024-03-R-win32-x86_64\eclipse\plugins\org.eclipse.m2e.maven.runtime_3.9.600.20231203-1234\jars\maven-repository-metadata-3.9.6.jar
2025-08-16 11:36:09,151 [Worker-22: Launching mavenrun-aac3a80a-4c32-40ca-82e5-4c816548fb98] INFO  o.eclipse.m2e.core.internal.Bundles - 	Entry: C:\Users\borud\Downloads\eclipse-jee-2024-03-R-win32-x86_64\eclipse\plugins\org.eclipse.m2e.maven.runtime_3.9.600.20231203-1234\jars\maven-resolver-api-1.9.18.jar
2025-08-16 11:36:09,152 [Worker-22: Launching mavenrun-aac3a80a-4c32-40ca-82e5-4c816548fb98] INFO  o.eclipse.m2e.core.internal.Bundles - 	Entry: C:\Users\borud\Downloads\eclipse-jee-2024-03-R-win32-x86_64\eclipse\plugins\org.eclipse.m2e.maven.runtime_3.9.600.20231203-1234\jars\maven-resolver-connector-basic-1.9.18.jar
2025-08-16 11:36:09,152 [Worker-22: Launching mavenrun-aac3a80a-4c32-40ca-82e5-4c816548fb98] INFO  o.eclipse.m2e.core.internal.Bundles - 	Entry: C:\Users\borud\Downloads\eclipse-jee-2024-03-R-win32-x86_64\eclipse\plugins\org.eclipse.m2e.maven.runtime_3.9.600.20231203-1234\jars\maven-resolver-impl-1.9.18.jar
2025-08-16 11:36:09,152 [Worker-22: Launching mavenrun-aac3a80a-4c32-40ca-82e5-4c816548fb98] INFO  o.eclipse.m2e.core.internal.Bundles - 	Entry: C:\Users\borud\Downloads\eclipse-jee-2024-03-R-win32-x86_64\eclipse\plugins\org.eclipse.m2e.maven.runtime_3.9.600.20231203-1234\jars\maven-resolver-named-locks-1.9.18.jar
2025-08-16 11:36:09,152 [Worker-22: Launching mavenrun-aac3a80a-4c32-40ca-82e5-4c816548fb98] INFO  o.eclipse.m2e.core.internal.Bundles - 	Entry: C:\Users\borud\Downloads\eclipse-jee-2024-03-R-win32-x86_64\eclipse\plugins\org.eclipse.m2e.maven.runtime_3.9.600.20231203-1234\jars\maven-resolver-provider-3.9.6.jar
2025-08-16 11:36:09,153 [Worker-22: Launching mavenrun-aac3a80a-4c32-40ca-82e5-4c816548fb98] INFO  o.eclipse.m2e.core.internal.Bundles - 	Entry: C:\Users\borud\Downloads\eclipse-jee-2024-03-R-win32-x86_64\eclipse\plugins\org.eclipse.m2e.maven.runtime_3.9.600.20231203-1234\jars\maven-resolver-spi-1.9.18.jar
2025-08-16 11:36:09,153 [Worker-22: Launching mavenrun-aac3a80a-4c32-40ca-82e5-4c816548fb98] INFO  o.eclipse.m2e.core.internal.Bundles - 	Entry: C:\Users\borud\Downloads\eclipse-jee-2024-03-R-win32-x86_64\eclipse\plugins\org.eclipse.m2e.maven.runtime_3.9.600.20231203-1234\jars\maven-resolver-transport-file-1.9.18.jar
2025-08-16 11:36:09,153 [Worker-22: Launching mavenrun-aac3a80a-4c32-40ca-82e5-4c816548fb98] INFO  o.eclipse.m2e.core.internal.Bundles - 	Entry: C:\Users\borud\Downloads\eclipse-jee-2024-03-R-win32-x86_64\eclipse\plugins\org.eclipse.m2e.maven.runtime_3.9.600.20231203-1234\jars\maven-resolver-transport-http-1.9.18.jar
2025-08-16 11:36:09,153 [Worker-22: Launching mavenrun-aac3a80a-4c32-40ca-82e5-4c816548fb98] INFO  o.eclipse.m2e.core.internal.Bundles - 	Entry: C:\Users\borud\Downloads\eclipse-jee-2024-03-R-win32-x86_64\eclipse\plugins\org.eclipse.m2e.maven.runtime_3.9.600.20231203-1234\jars\maven-resolver-transport-wagon-1.9.18.jar
2025-08-16 11:36:09,154 [Worker-22: Launching mavenrun-aac3a80a-4c32-40ca-82e5-4c816548fb98] INFO  o.eclipse.m2e.core.internal.Bundles - 	Entry: C:\Users\borud\Downloads\eclipse-jee-2024-03-R-win32-x86_64\eclipse\plugins\org.eclipse.m2e.maven.runtime_3.9.600.20231203-1234\jars\maven-resolver-util-1.9.18.jar
2025-08-16 11:36:09,154 [Worker-22: Launching mavenrun-aac3a80a-4c32-40ca-82e5-4c816548fb98] INFO  o.eclipse.m2e.core.internal.Bundles - 	Entry: C:\Users\borud\Downloads\eclipse-jee-2024-03-R-win32-x86_64\eclipse\plugins\org.eclipse.m2e.maven.runtime_3.9.600.20231203-1234\jars\maven-settings-3.9.6.jar
2025-08-16 11:36:09,154 [Worker-22: Launching mavenrun-aac3a80a-4c32-40ca-82e5-4c816548fb98] INFO  o.eclipse.m2e.core.internal.Bundles - 	Entry: C:\Users\borud\Downloads\eclipse-jee-2024-03-R-win32-x86_64\eclipse\plugins\org.eclipse.m2e.maven.runtime_3.9.600.20231203-1234\jars\maven-settings-builder-3.9.6.jar
2025-08-16 11:36:09,154 [Worker-22: Launching mavenrun-aac3a80a-4c32-40ca-82e5-4c816548fb98] INFO  o.eclipse.m2e.core.internal.Bundles - 	Entry: C:\Users\borud\Downloads\eclipse-jee-2024-03-R-win32-x86_64\eclipse\plugins\org.eclipse.m2e.maven.runtime_3.9.600.20231203-1234\jars\maven-shared-utils-3.3.4.jar
2025-08-16 11:36:09,154 [Worker-22: Launching mavenrun-aac3a80a-4c32-40ca-82e5-4c816548fb98] INFO  o.eclipse.m2e.core.internal.Bundles - 	Entry: C:\Users\borud\Downloads\eclipse-jee-2024-03-R-win32-x86_64\eclipse\plugins\org.eclipse.m2e.maven.runtime_3.9.600.20231203-1234\jars\org.eclipse.sisu.inject-0.9.0.M2.jar
2025-08-16 11:36:09,155 [Worker-22: Launching mavenrun-aac3a80a-4c32-40ca-82e5-4c816548fb98] INFO  o.eclipse.m2e.core.internal.Bundles - 	Entry: C:\Users\borud\Downloads\eclipse-jee-2024-03-R-win32-x86_64\eclipse\plugins\org.eclipse.m2e.maven.runtime_3.9.600.20231203-1234\jars\org.eclipse.sisu.plexus-0.9.0.M2.jar
2025-08-16 11:36:09,156 [Worker-22: Launching mavenrun-aac3a80a-4c32-40ca-82e5-4c816548fb98] INFO  o.eclipse.m2e.core.internal.Bundles - 	Entry: C:\Users\borud\Downloads\eclipse-jee-2024-03-R-win32-x86_64\eclipse\plugins\org.eclipse.m2e.maven.runtime_3.9.600.20231203-1234\jars\plexus-build-api-0.0.7.jar
2025-08-16 11:36:09,156 [Worker-22: Launching mavenrun-aac3a80a-4c32-40ca-82e5-4c816548fb98] INFO  o.eclipse.m2e.core.internal.Bundles - 	Entry: C:\Users\borud\Downloads\eclipse-jee-2024-03-R-win32-x86_64\eclipse\plugins\org.eclipse.m2e.maven.runtime_3.9.600.20231203-1234\jars\plexus-cipher-2.0.jar
2025-08-16 11:36:09,156 [Worker-22: Launching mavenrun-aac3a80a-4c32-40ca-82e5-4c816548fb98] INFO  o.eclipse.m2e.core.internal.Bundles - 	Entry: C:\Users\borud\Downloads\eclipse-jee-2024-03-R-win32-x86_64\eclipse\plugins\org.eclipse.m2e.maven.runtime_3.9.600.20231203-1234\jars\plexus-classworlds-2.7.0.jar
2025-08-16 11:36:09,156 [Worker-22: Launching mavenrun-aac3a80a-4c32-40ca-82e5-4c816548fb98] INFO  o.eclipse.m2e.core.internal.Bundles - 	Entry: C:\Users\borud\Downloads\eclipse-jee-2024-03-R-win32-x86_64\eclipse\plugins\org.eclipse.m2e.maven.runtime_3.9.600.20231203-1234\jars\plexus-component-annotations-2.1.0.jar
2025-08-16 11:36:09,157 [Worker-22: Launching mavenrun-aac3a80a-4c32-40ca-82e5-4c816548fb98] INFO  o.eclipse.m2e.core.internal.Bundles - 	Entry: C:\Users\borud\Downloads\eclipse-jee-2024-03-R-win32-x86_64\eclipse\plugins\org.eclipse.m2e.maven.runtime_3.9.600.20231203-1234\jars\plexus-interpolation-1.26.jar
2025-08-16 11:36:09,158 [Worker-22: Launching mavenrun-aac3a80a-4c32-40ca-82e5-4c816548fb98] INFO  o.eclipse.m2e.core.internal.Bundles - 	Entry: C:\Users\borud\Downloads\eclipse-jee-2024-03-R-win32-x86_64\eclipse\plugins\org.eclipse.m2e.maven.runtime_3.9.600.20231203-1234\jars\plexus-sec-dispatcher-2.0.jar
2025-08-16 11:36:09,158 [Worker-22: Launching mavenrun-aac3a80a-4c32-40ca-82e5-4c816548fb98] INFO  o.eclipse.m2e.core.internal.Bundles - 	Entry: C:\Users\borud\Downloads\eclipse-jee-2024-03-R-win32-x86_64\eclipse\plugins\org.eclipse.m2e.maven.runtime_3.9.600.20231203-1234\jars\plexus-utils-3.5.1.jar
2025-08-16 11:36:09,158 [Worker-22: Launching mavenrun-aac3a80a-4c32-40ca-82e5-4c816548fb98] INFO  o.eclipse.m2e.core.internal.Bundles - 	Entry: C:\Users\borud\Downloads\eclipse-jee-2024-03-R-win32-x86_64\eclipse\plugins\org.eclipse.m2e.maven.runtime_3.9.600.20231203-1234\jars\wagon-file-3.5.3.jar
2025-08-16 11:36:09,158 [Worker-22: Launching mavenrun-aac3a80a-4c32-40ca-82e5-4c816548fb98] INFO  o.eclipse.m2e.core.internal.Bundles - 	Entry: C:\Users\borud\Downloads\eclipse-jee-2024-03-R-win32-x86_64\eclipse\plugins\org.eclipse.m2e.maven.runtime_3.9.600.20231203-1234\jars\wagon-http-3.5.3.jar
2025-08-16 11:36:09,159 [Worker-22: Launching mavenrun-aac3a80a-4c32-40ca-82e5-4c816548fb98] INFO  o.eclipse.m2e.core.internal.Bundles - 	Entry: C:\Users\borud\Downloads\eclipse-jee-2024-03-R-win32-x86_64\eclipse\plugins\org.eclipse.m2e.maven.runtime_3.9.600.20231203-1234\jars\wagon-http-shared-3.5.3.jar
2025-08-16 11:36:09,159 [Worker-22: Launching mavenrun-aac3a80a-4c32-40ca-82e5-4c816548fb98] INFO  o.eclipse.m2e.core.internal.Bundles - 	Entry: C:\Users\borud\Downloads\eclipse-jee-2024-03-R-win32-x86_64\eclipse\plugins\org.eclipse.m2e.maven.runtime_3.9.600.20231203-1234\jars\wagon-provider-api-3.5.3.jar
2025-08-16 11:36:09,159 [Worker-22: Launching mavenrun-aac3a80a-4c32-40ca-82e5-4c816548fb98] INFO  o.eclipse.m2e.core.internal.Bundles - getClasspathEntries(Bundle=com.google.guava_33.0.0.jre [14])
2025-08-16 11:36:09,160 [Worker-22: Launching mavenrun-aac3a80a-4c32-40ca-82e5-4c816548fb98] INFO  o.eclipse.m2e.core.internal.Bundles - 	Entry: C:\Users\borud\Downloads\eclipse-jee-2024-03-R-win32-x86_64\eclipse\plugins\com.google.guava_33.0.0.jre.jar
2025-08-16 11:36:09,160 [Worker-22: Launching mavenrun-aac3a80a-4c32-40ca-82e5-4c816548fb98] INFO  o.eclipse.m2e.core.internal.Bundles - getClasspathEntries(Bundle=slf4j.api_2.0.12 [1001])
2025-08-16 11:36:09,161 [Worker-22: Launching mavenrun-aac3a80a-4c32-40ca-82e5-4c816548fb98] INFO  o.eclipse.m2e.core.internal.Bundles - 	Entry: C:\Users\borud\Downloads\eclipse-jee-2024-03-R-win32-x86_64\eclipse\plugins\slf4j.api_2.0.12.jar
2025-08-16 11:36:09,161 [Worker-22: Launching mavenrun-aac3a80a-4c32-40ca-82e5-4c816548fb98] INFO  o.eclipse.m2e.core.internal.Bundles - getClasspathEntries(Bundle=jakarta.inject.jakarta.inject-api_1.0.5 [32])
2025-08-16 11:36:09,162 [Worker-22: Launching mavenrun-aac3a80a-4c32-40ca-82e5-4c816548fb98] INFO  o.eclipse.m2e.core.internal.Bundles - 	Entry: C:\Users\borud\Downloads\eclipse-jee-2024-03-R-win32-x86_64\eclipse\plugins\jakarta.inject.jakarta.inject-api_1.0.5.jar
2025-08-16 11:36:09,162 [Worker-22: Launching mavenrun-aac3a80a-4c32-40ca-82e5-4c816548fb98] INFO  o.eclipse.m2e.core.internal.Bundles - getClasspathEntries(Bundle=jakarta.annotation-api_1.3.5 [27])
2025-08-16 11:36:09,163 [Worker-22: Launching mavenrun-aac3a80a-4c32-40ca-82e5-4c816548fb98] INFO  o.eclipse.m2e.core.internal.Bundles - 	Entry: C:\Users\borud\Downloads\eclipse-jee-2024-03-R-win32-x86_64\eclipse\plugins\jakarta.annotation-api_1.3.5.jar
2025-08-16 11:36:09,163 [Worker-22: Launching mavenrun-aac3a80a-4c32-40ca-82e5-4c816548fb98] INFO  o.eclipse.m2e.core.internal.Bundles - getClasspathEntries(Bundle=org.apache.commons.cli_1.6.0 [75])
2025-08-16 11:36:09,164 [Worker-22: Launching mavenrun-aac3a80a-4c32-40ca-82e5-4c816548fb98] INFO  o.eclipse.m2e.core.internal.Bundles - 	Entry: C:\Users\borud\Downloads\eclipse-jee-2024-03-R-win32-x86_64\eclipse\plugins\org.apache.commons.cli_1.6.0.jar
2025-08-16 11:36:09,164 [Worker-22: Launching mavenrun-aac3a80a-4c32-40ca-82e5-4c816548fb98] INFO  o.eclipse.m2e.core.internal.Bundles - getClasspathEntries(Bundle=org.apache.commons.commons-codec_1.16.0 [78])
2025-08-16 11:36:09,165 [Worker-22: Launching mavenrun-aac3a80a-4c32-40ca-82e5-4c816548fb98] INFO  o.eclipse.m2e.core.internal.Bundles - 	Entry: C:\Users\borud\Downloads\eclipse-jee-2024-03-R-win32-x86_64\eclipse\plugins\org.apache.commons.commons-codec_1.16.0.jar
2025-08-16 11:36:09,165 [Worker-22: Launching mavenrun-aac3a80a-4c32-40ca-82e5-4c816548fb98] INFO  o.eclipse.m2e.core.internal.Bundles - getClasspathEntries(Bundle=org.apache.commons.lang3_3.14.0 [86])
2025-08-16 11:36:09,166 [Worker-22: Launching mavenrun-aac3a80a-4c32-40ca-82e5-4c816548fb98] INFO  o.eclipse.m2e.core.internal.Bundles - 	Entry: C:\Users\borud\Downloads\eclipse-jee-2024-03-R-win32-x86_64\eclipse\plugins\org.apache.commons.lang3_3.14.0.jar
2025-08-16 11:36:09,166 [Worker-22: Launching mavenrun-aac3a80a-4c32-40ca-82e5-4c816548fb98] INFO  o.eclipse.m2e.core.internal.Bundles - getClasspathEntries(Bundle=com.google.guava.failureaccess_1.0.2 [15])
2025-08-16 11:36:09,167 [Worker-22: Launching mavenrun-aac3a80a-4c32-40ca-82e5-4c816548fb98] INFO  o.eclipse.m2e.core.internal.Bundles - 	Entry: C:\Users\borud\Downloads\eclipse-jee-2024-03-R-win32-x86_64\eclipse\plugins\com.google.guava.failureaccess_1.0.2.jar
2025-08-16 11:36:09,168 [Worker-22: Launching mavenrun-aac3a80a-4c32-40ca-82e5-4c816548fb98] INFO  o.e.m.i.launch.MavenLaunchDelegate - Run build in "C:\Users\borud\AppData\Local\Temp\m2e-archetypeGenerator5120146094596505249":
2025-08-16 11:36:09,169 [Worker-22: Launching mavenrun-aac3a80a-4c32-40ca-82e5-4c816548fb98] INFO  o.e.m.i.launch.MavenLaunchDelegate -  mvn  -DarchetypeGroupId=org.apache.maven.archetypes -DarchetypeArtifactId=maven-archetype-site -DarchetypeVersion=1.1 -DgroupId=com.demo -DartifactId=librarymanagement -Dversion=0.0.1-SNAPSHOT -Dpackage=com.demo.librarymanagement -DoutputDirectory="G:\java project task\student management systems\library management" -Dstyle.color=always -U archetype:generate
2025-08-16 11:36:20,331 [Worker-1: Creating maven-archetype-site] INFO  o.e.m.c.i.p.ProjectConfigurationManager - Collecting project info '/pom.xml' G:\java project task\student management systems\library management\librarymanagement\pom.xml
2025-08-16 11:36:20,519 [Worker-1: Creating maven-archetype-site] INFO  o.e.m.c.i.l.LifecycleMappingFactory - Using org.eclipse.m2e.jdt.JarLifecycleMapping lifecycle mapping for MavenProject: com.demo:librarymanagement:0.0.1-SNAPSHOT @ G:\java project task\student management systems\library management\librarymanagement\pom.xml.
2025-08-16 11:36:20,846 [Worker-1: Creating maven-archetype-site] INFO  o.e.m.j.i.AbstractJavaProjectConfigurator - Adding source folder /librarymanagement/src/main/java
2025-08-16 11:36:20,847 [Worker-1: Creating maven-archetype-site] INFO  o.e.m.j.i.AbstractJavaProjectConfigurator - Adding resource folder /librarymanagement/src/main/resources
2025-08-16 11:36:20,847 [Worker-1: Creating maven-archetype-site] INFO  o.e.m.j.i.AbstractJavaProjectConfigurator - Adding source folder /librarymanagement/src/test/java
2025-08-16 11:36:20,848 [Worker-1: Creating maven-archetype-site] INFO  o.e.m.j.i.AbstractJavaProjectConfigurator - Adding resource folder /librarymanagement/src/test/resources
2025-08-16 11:36:20,881 [Worker-1: Creating maven-archetype-site] INFO  o.e.m.c.i.p.ProjectConfigurationManager - Imported and configured 1 project(s) in 0 sec
2025-08-16 11:36:21,229 [Worker-22: Building] INFO  o.a.m.s.f.DefaultMavenResourcesFiltering - skip non existing resourceDirectory G:\java project task\student management systems\library management\librarymanagement\src\main\resources
2025-08-16 11:36:21,234 [Worker-22: Building] INFO  o.a.m.s.f.DefaultMavenResourcesFiltering - skip non existing resourceDirectory G:\java project task\student management systems\library management\librarymanagement\src\test\resources
2025-08-16 11:38:43,379 [Worker-2: Loading available Gradle versions] INFO  o.e.b.c.i.u.g.PublishedGradleVersions - Gradle version information cache is up-to-date. Trying to read.
2025-08-16 11:45:16,701 [Worker-6: Loading available Gradle versions] INFO  o.e.b.c.i.u.g.PublishedGradleVersions - Gradle version information cache is up-to-date. Trying to read.
2025-08-16 12:26:18,043 [Worker-4: Loading available Gradle versions] INFO  o.e.b.c.i.u.g.PublishedGradleVersions - Gradle version information cache is up-to-date. Trying to read.
2025-08-16 12:38:42,796 [Worker-5: Loading available Gradle versions] INFO  o.e.b.c.i.u.g.PublishedGradleVersions - Gradle version information cache is up-to-date. Trying to read.
2025-08-16 16:09:21,716 [Worker-2: Loading available Gradle versions] INFO  o.e.b.c.i.u.g.PublishedGradleVersions - Gradle version information cache is out-of-date. Trying to update.
2025-08-16 16:16:27,213 [Worker-6: Loading available Gradle versions] INFO  o.e.b.c.i.u.g.PublishedGradleVersions - Gradle version information cache is up-to-date. Trying to read.
2025-08-16 17:03:26,427 [Worker-1: Loading available Gradle versions] INFO  o.e.b.c.i.u.g.PublishedGradleVersions - Gradle version information cache is up-to-date. Trying to read.
2025-08-28 13:40:15,389 [Worker-1: Loading available Gradle versions] INFO  o.e.b.c.i.u.g.PublishedGradleVersions - Gradle version information cache is out-of-date. Trying to update.
2025-09-09 14:16:06,587 [Worker-4: Loading available Gradle versions] INFO  o.e.b.c.i.u.g.PublishedGradleVersions - Gradle version information cache is out-of-date. Trying to update.
2025-09-20 11:24:47,936 [Worker-7: Loading available Gradle versions] INFO  o.e.b.c.i.u.g.PublishedGradleVersions - Gradle version information cache is out-of-date. Trying to update.
2025-09-20 15:31:02,508 [Worker-6: Loading available Gradle versions] INFO  o.e.b.c.i.u.g.PublishedGradleVersions - Gradle version information cache is up-to-date. Trying to read.
2025-09-26 14:55:35,187 [Worker-7: Loading available Gradle versions] INFO  o.e.b.c.i.u.g.PublishedGradleVersions - Gradle version information cache is out-of-date. Trying to update.
2025-09-26 16:00:35,619 [Worker-2: Loading available Gradle versions] INFO  o.e.b.c.i.u.g.PublishedGradleVersions - Gradle version information cache is up-to-date. Trying to read.
2025-09-30 12:55:28,389 [Worker-7: Loading available Gradle versions] INFO  o.e.b.c.i.u.g.PublishedGradleVersions - Gradle version information cache is out-of-date. Trying to update.
2025-09-30 16:22:22,230 [Worker-1: Loading available Gradle versions] INFO  o.e.b.c.i.u.g.PublishedGradleVersions - Gradle version information cache is up-to-date. Trying to read.
2025-10-04 12:41:19,584 [Worker-4: Loading available Gradle versions] INFO  o.e.b.c.i.u.g.PublishedGradleVersions - Gradle version information cache is out-of-date. Trying to update.
2025-10-04 16:42:00,670 [Worker-2: Loading available Gradle versions] INFO  o.e.b.c.i.u.g.PublishedGradleVersions - Gradle version information cache is up-to-date. Trying to read.
